Build started 19/12/2018 08:57:07 م.
     1>Project "C:\Users\hasan\Documents\Visual Studio 2010\Projects\bashar_akram_client\bashar_akram_client\bashar_akram_client.vcxproj" on node 2 (build target(s)).
     1>InitializeBuildStatus:
         Creating "Debug\bashar_akram_client.unsuccessfulbuild" because "AlwaysCreate" was specified.
       ClCompile:
         C:\Program Files (x86)\Microsoft Visual Studio 10.0\VC\bin\CL.exe /c /IC:\Users\hasan\Desktop\libs\libs /ZI /nologo /W3 /WX- /Od /Oy- /D _MBCS /Gm /EHsc /RTC1 /MDd /GS /fp:precise /Zc:wchar_t /Zc:forScope /Fo"Debug\\" /Fd"Debug\vc100.pdb" /Gd /TP /analyze- /errorReport:prompt 1.cpp
         1.cpp
     1>c:\users\hasan\documents\visual studio 2010\projects\bashar_akram_client\bashar_akram_client\1.cpp(33): warning C4996: 'strcpy': This function or variable may be unsafe. Consider using strcpy_s instead. To disable deprecation, use _CRT_SECURE_NO_WARNINGS. See online help for details.
                 c:\program files (x86)\microsoft visual studio 10.0\vc\include\string.h(105) : see declaration of 'strcpy'
     1>c:\users\hasan\documents\visual studio 2010\projects\bashar_akram_client\bashar_akram_client\1.cpp(34): warning C4996: 'strcat': This function or variable may be unsafe. Consider using strcat_s instead. To disable deprecation, use _CRT_SECURE_NO_WARNINGS. See online help for details.
                 c:\program files (x86)\microsoft visual studio 10.0\vc\include\string.h(110) : see declaration of 'strcat'
     1>c:\users\hasan\documents\visual studio 2010\projects\bashar_akram_client\bashar_akram_client\1.cpp(36): warning C4996: 'fopen': This function or variable may be unsafe. Consider using fopen_s instead. To disable deprecation, use _CRT_SECURE_NO_WARNINGS. See online help for details.
                 c:\program files (x86)\microsoft visual studio 10.0\vc\include\stdio.h(234) : see declaration of 'fopen'
     1>c:\users\hasan\documents\visual studio 2010\projects\bashar_akram_client\bashar_akram_client\1.cpp(17): warning C4101: 'file_size' : unreferenced local variable
     1>c:\users\hasan\documents\visual studio 2010\projects\bashar_akram_client\bashar_akram_client\1.cpp(16): warning C4101: 'file' : unreferenced local variable
     1>c:\users\hasan\documents\visual studio 2010\projects\bashar_akram_client\bashar_akram_client\1.cpp(51): warning C4996: 'strcpy': This function or variable may be unsafe. Consider using strcpy_s instead. To disable deprecation, use _CRT_SECURE_NO_WARNINGS. See online help for details.
                 c:\program files (x86)\microsoft visual studio 10.0\vc\include\string.h(105) : see declaration of 'strcpy'
     1>c:\users\hasan\documents\visual studio 2010\projects\bashar_akram_client\bashar_akram_client\1.cpp(52): warning C4996: 'strcpy': This function or variable may be unsafe. Consider using strcpy_s instead. To disable deprecation, use _CRT_SECURE_NO_WARNINGS. See online help for details.
                 c:\program files (x86)\microsoft visual studio 10.0\vc\include\string.h(105) : see declaration of 'strcpy'
     1>c:\users\hasan\documents\visual studio 2010\projects\bashar_akram_client\bashar_akram_client\1.cpp(54): warning C4996: 'getch': The POSIX name for this item is deprecated. Instead, use the ISO C++ conformant name: _getch. See online help for details.
                 c:\program files (x86)\microsoft visual studio 10.0\vc\include\conio.h(128) : see declaration of 'getch'
     1>c:\users\hasan\documents\visual studio 2010\projects\bashar_akram_client\bashar_akram_client\1.cpp(58): warning C4996: 'gets': This function or variable may be unsafe. Consider using gets_s instead. To disable deprecation, use _CRT_SECURE_NO_WARNINGS. See online help for details.
                 c:\program files (x86)\microsoft visual studio 10.0\vc\include\stdio.h(277) : see declaration of 'gets'
     1>c:\users\hasan\documents\visual studio 2010\projects\bashar_akram_client\bashar_akram_client\1.cpp(59): warning C4996: 'strcpy': This function or variable may be unsafe. Consider using strcpy_s instead. To disable deprecation, use _CRT_SECURE_NO_WARNINGS. See online help for details.
                 c:\program files (x86)\microsoft visual studio 10.0\vc\include\string.h(105) : see declaration of 'strcpy'
     1>c:\users\hasan\documents\visual studio 2010\projects\bashar_akram_client\bashar_akram_client\1.cpp(60): warning C4996: 'strcat': This function or variable may be unsafe. Consider using strcat_s instead. To disable deprecation, use _CRT_SECURE_NO_WARNINGS. See online help for details.
                 c:\program files (x86)\microsoft visual studio 10.0\vc\include\string.h(110) : see declaration of 'strcat'
     1>c:\users\hasan\documents\visual studio 2010\projects\bashar_akram_client\bashar_akram_client\1.cpp(66): warning C4996: 'gets': This function or variable may be unsafe. Consider using gets_s instead. To disable deprecation, use _CRT_SECURE_NO_WARNINGS. See online help for details.
                 c:\program files (x86)\microsoft visual studio 10.0\vc\include\stdio.h(277) : see declaration of 'gets'
     1>c:\users\hasan\documents\visual studio 2010\projects\bashar_akram_client\bashar_akram_client\1.cpp(70): warning C4996: 'gets': This function or variable may be unsafe. Consider using gets_s instead. To disable deprecation, use _CRT_SECURE_NO_WARNINGS. See online help for details.
                 c:\program files (x86)\microsoft visual studio 10.0\vc\include\stdio.h(277) : see declaration of 'gets'
     1>c:\users\hasan\documents\visual studio 2010\projects\bashar_akram_client\bashar_akram_client\1.cpp(71): warning C4996: 'strcat': This function or variable may be unsafe. Consider using strcat_s instead. To disable deprecation, use _CRT_SECURE_NO_WARNINGS. See online help for details.
                 c:\program files (x86)\microsoft visual studio 10.0\vc\include\string.h(110) : see declaration of 'strcat'
     1>c:\users\hasan\documents\visual studio 2010\projects\bashar_akram_client\bashar_akram_client\1.cpp(75): warning C4996: 'fopen': This function or variable may be unsafe. Consider using fopen_s instead. To disable deprecation, use _CRT_SECURE_NO_WARNINGS. See online help for details.
                 c:\program files (x86)\microsoft visual studio 10.0\vc\include\stdio.h(234) : see declaration of 'fopen'
     1>c:\users\hasan\documents\visual studio 2010\projects\bashar_akram_client\bashar_akram_client\1.cpp(77): warning C4996: 'strcpy': This function or variable may be unsafe. Consider using strcpy_s instead. To disable deprecation, use _CRT_SECURE_NO_WARNINGS. See online help for details.
                 c:\program files (x86)\microsoft visual studio 10.0\vc\include\string.h(105) : see declaration of 'strcpy'
     1>c:\users\hasan\documents\visual studio 2010\projects\bashar_akram_client\bashar_akram_client\1.cpp(84): warning C4996: 'strcpy': This function or variable may be unsafe. Consider using strcpy_s instead. To disable deprecation, use _CRT_SECURE_NO_WARNINGS. See online help for details.
                 c:\program files (x86)\microsoft visual studio 10.0\vc\include\string.h(105) : see declaration of 'strcpy'
     1>c:\users\hasan\documents\visual studio 2010\projects\bashar_akram_client\bashar_akram_client\1.cpp(85): warning C4996: 'strcat': This function or variable may be unsafe. Consider using strcat_s instead. To disable deprecation, use _CRT_SECURE_NO_WARNINGS. See online help for details.
                 c:\program files (x86)\microsoft visual studio 10.0\vc\include\string.h(110) : see declaration of 'strcat'
     1>c:\users\hasan\documents\visual studio 2010\projects\bashar_akram_client\bashar_akram_client\1.cpp(87): warning C4996: 'strcpy': This function or variable may be unsafe. Consider using strcpy_s instead. To disable deprecation, use _CRT_SECURE_NO_WARNINGS. See online help for details.
                 c:\program files (x86)\microsoft visual studio 10.0\vc\include\string.h(105) : see declaration of 'strcpy'
     1>c:\users\hasan\documents\visual studio 2010\projects\bashar_akram_client\bashar_akram_client\1.cpp(88): warning C4996: 'strcat': This function or variable may be unsafe. Consider using strcat_s instead. To disable deprecation, use _CRT_SECURE_NO_WARNINGS. See online help for details.
                 c:\program files (x86)\microsoft visual studio 10.0\vc\include\string.h(110) : see declaration of 'strcat'
     1>c:\users\hasan\documents\visual studio 2010\projects\bashar_akram_client\bashar_akram_client\1.cpp(111): warning C4996: 'gets': This function or variable may be unsafe. Consider using gets_s instead. To disable deprecation, use _CRT_SECURE_NO_WARNINGS. See online help for details.
                 c:\program files (x86)\microsoft visual studio 10.0\vc\include\stdio.h(277) : see declaration of 'gets'
     1>c:\users\hasan\documents\visual studio 2010\projects\bashar_akram_client\bashar_akram_client\1.cpp(124): warning C4996: 'gets': This function or variable may be unsafe. Consider using gets_s instead. To disable deprecation, use _CRT_SECURE_NO_WARNINGS. See online help for details.
                 c:\program files (x86)\microsoft visual studio 10.0\vc\include\stdio.h(277) : see declaration of 'gets'
     1>c:\users\hasan\documents\visual studio 2010\projects\bashar_akram_client\bashar_akram_client\1.cpp(125): warning C4996: 'strcpy': This function or variable may be unsafe. Consider using strcpy_s instead. To disable deprecation, use _CRT_SECURE_NO_WARNINGS. See online help for details.
                 c:\program files (x86)\microsoft visual studio 10.0\vc\include\string.h(105) : see declaration of 'strcpy'
     1>c:\users\hasan\documents\visual studio 2010\projects\bashar_akram_client\bashar_akram_client\1.cpp(126): warning C4996: 'strcat': This function or variable may be unsafe. Consider using strcat_s instead. To disable deprecation, use _CRT_SECURE_NO_WARNINGS. See online help for details.
                 c:\program files (x86)\microsoft visual studio 10.0\vc\include\string.h(110) : see declaration of 'strcat'
     1>c:\users\hasan\documents\visual studio 2010\projects\bashar_akram_client\bashar_akram_client\1.cpp(135): warning C4996: 'strcpy': This function or variable may be unsafe. Consider using strcpy_s instead. To disable deprecation, use _CRT_SECURE_NO_WARNINGS. See online help for details.
                 c:\program files (x86)\microsoft visual studio 10.0\vc\include\string.h(105) : see declaration of 'strcpy'
     1>c:\users\hasan\documents\visual studio 2010\projects\bashar_akram_client\bashar_akram_client\1.cpp(136): warning C4996: 'strcpy': This function or variable may be unsafe. Consider using strcpy_s instead. To disable deprecation, use _CRT_SECURE_NO_WARNINGS. See online help for details.
                 c:\program files (x86)\microsoft visual studio 10.0\vc\include\string.h(105) : see declaration of 'strcpy'
     1>c:\users\hasan\documents\visual studio 2010\projects\bashar_akram_client\bashar_akram_client\1.cpp(101): warning C4101: 'recv_size' : unreferenced local variable
     1>c:\users\hasan\documents\visual studio 2010\projects\bashar_akram_client\bashar_akram_client\1.cpp(100): warning C4101: 'server_reply' : unreferenced local variable
       Link:
         C:\Program Files (x86)\Microsoft Visual Studio 10.0\VC\bin\link.exe /ERRORREPORT:PROMPT /OUT:"C:\Users\hasan\Documents\Visual Studio 2010\Projects\bashar_akram_client\Debug\bashar_akram_client.exe" /NOLOGO C:\Users\hasan\Desktop\libs\libs\x86\pthreadVC2.lib kernel32.lib user32.lib gdi32.lib winspool.lib comdlg32.lib advapi32.lib shell32.lib ole32.lib oleaut32.lib uuid.lib odbc32.lib odbccp32.lib /MANIFEST /ManifestFile:"Debug\bashar_akram_client.exe.intermediate.manifest" /MANIFESTUAC:"level='asInvoker' uiAccess='false'" /DEBUG /PDB:"C:\Users\hasan\Documents\Visual Studio 2010\Projects\bashar_akram_client\Debug\bashar_akram_client.pdb" /TLBID:1 /DYNAMICBASE /NXCOMPAT /IMPLIB:"C:\Users\hasan\Documents\Visual Studio 2010\Projects\bashar_akram_client\Debug\bashar_akram_client.lib" /MACHINE:X86 Debug\1.obj
         LINK : C:\Users\hasan\Documents\Visual Studio 2010\Projects\bashar_akram_client\Debug\bashar_akram_client.exe not found or not built by the last incremental link; performing full link
         bashar_akram_client.vcxproj -> C:\Users\hasan\Documents\Visual Studio 2010\Projects\bashar_akram_client\Debug\bashar_akram_client.exe
       Manifest:
         C:\Program Files (x86)\Microsoft SDKs\Windows\v7.0A\bin\mt.exe /nologo /verbose /outputresource:"C:\Users\hasan\Documents\Visual Studio 2010\Projects\bashar_akram_client\Debug\bashar_akram_client.exe;#1" /manifest Debug\bashar_akram_client.exe.intermediate.manifest
       FinalizeBuildStatus:
         Deleting file "Debug\bashar_akram_client.unsuccessfulbuild".
         Touching "Debug\bashar_akram_client.lastbuildstate".
     1>Done Building Project "C:\Users\hasan\Documents\Visual Studio 2010\Projects\bashar_akram_client\bashar_akram_client\bashar_akram_client.vcxproj" (build target(s)).

Build succeeded.

Time Elapsed 00:00:01.02
